[2024-06-03 07:03:33] [INFO]:
Spectator UUID: 0a54a0b8-d4f3-3014-927f-d68e8ccb3a33
Spectator Name: KuaterCraft
Taken         : [ENCHANTED_GOLDEN_APPLE x 64]
Given         : []
Target        : MR_AGENTV
[2024-06-03 07:03:33] [INFO]:
Spectator UUID: 0a54a0b8-d4f3-3014-927f-d68e8ccb3a33
Spectator Name: KuaterCraft
Taken         : [ENCHANTED_GOLDEN_APPLE x 64]
Given         : []
Target        : MR_AGENTV
[2024-06-03 07:03:33] [INFO]:
Spectator UUID: 0a54a0b8-d4f3-3014-927f-d68e8ccb3a33
Spectator Name: KuaterCraft
Taken         : [ENCHANTED_GOLDEN_APPLE x 64]
Given         : []
Target        : MR_AGENTV
[2024-06-03 08:47:16] [INFO]:
Spectator UUID: 0a54a0b8-d4f3-3014-927f-d68e8ccb3a33
Spectator Name: KuaterCraft
Taken         : []
Given         : [DIAMOND_AXE & UNSPECIFIC_META:{meta-type=UNSPECIFIC, enchants={minecraft:efficiency=4, minecraft:fortune=3, minecraft:mending=1, minecraft:sharpness=5, minecraft:unbreaking=3}} x 1, DIAMOND_HELMET & ARMOR_META:{meta-type=ARMOR, enchants={minecraft:aqua_affinity=1, minecraft:mending=1, minecraft:protection=4, minecraft:respiration=3, minecraft:thorns=3, minecraft:unbreaking=3}, repair-cost=1, Damage=12} x 1, DIAMOND_SWORD & UNSPECIFIC_META:{meta-type=UNSPECIFIC, enchants={minecraft:fire_aspect=2, minecraft:knockback=2, minecraft:mending=1, minecraft:sharpness=5, minecraft:sweeping_edge=3, minecraft:unbreaking=3}} x 1, DIAMOND_BOOTS & ARMOR_META:{meta-type=ARMOR, enchants={minecraft:depth_strider=3, minecraft:feather_falling=4, minecraft:mending=1, minecraft:protection=4, minecraft:soul_speed=3, minecraft:thorns=3, minecraft:unbreaking=3}, Damage=10} x 1, DIAMOND_LEGGINGS & ARMOR_META:{meta-type=ARMOR, enchants={minecraft:mending=1, minecraft:protection=4, minecraft:thorns=3, minecraft:unbreaking=3}, Damage=9} x 1, DIAMOND_CHESTPLATE & ARMOR_META:{meta-type=ARMOR, enchants={minecraft:mending=1, minecraft:protection=4, minecraft:thorns=3, minecraft:unbreaking=3}, Damage=7} x 1, ANCIENT_DEBRIS x 71, DIAMOND_PICKAXE & UNSPECIFIC_META:{meta-type=UNSPECIFIC, enchants={minecraft:efficiency=5, minecraft:fortune=3, minecraft:mending=1, minecraft:unbreaking=3}, Damage=368} x 1, ENDER_PEARL x 9, FLINT_AND_STEEL & UNSPECIFIC_META:{meta-type=UNSPECIFIC, Damage=13} x 1]
Target        : KuaterCraft
[2024-06-06 05:16:27] [INFO]:
Spectator UUID: 0a54a0b8-d4f3-3014-927f-d68e8ccb3a33
Spectator Name: KuaterCraft
Taken         : []
Given         : [DUNE_ARMOR_TRIM_SMITHING_TEMPLATE x 2, ENCHANTED_BOOK & ENCHANTED_META:{meta-type=ENCHANTED, stored-enchants={minecraft:looting=2}} x 1, GOLD_BLOCK x 17, GOLD_INGOT x 8, GOLDEN_APPLE x 18, RIB_ARMOR_TRIM_SMITHING_TEMPLATE x 1, DIAMOND x 4, SADDLE x 3, EMERALD x 2, DIAMOND_HORSE_ARMOR x 1, TNT x 9, BLAZE_ROD x 1]
Target        : KuaterCraft
[2024-06-06 05:16:36] [INFO]:
Spectator UUID: 0a54a0b8-d4f3-3014-927f-d68e8ccb3a33
Spectator Name: KuaterCraft
Taken         : [DUNE_ARMOR_TRIM_SMITHING_TEMPLATE x 2]
Given         : []
Target        : KuaterCraft
[2024-06-06 05:16:36] [INFO]:
Spectator UUID: 0a54a0b8-d4f3-3014-927f-d68e8ccb3a33
Spectator Name: KuaterCraft
Taken         : [DUNE_ARMOR_TRIM_SMITHING_TEMPLATE x 2]
Given         : []
Target        : KuaterCraft
[2024-06-06 05:42:13] [INFO]:
Spectator UUID: 0a54a0b8-d4f3-3014-927f-d68e8ccb3a33
Spectator Name: KuaterCraft
Taken         : []
Given         : [ENCHANTED_BOOK & ENCHANTED_META:{meta-type=ENCHANTED, stored-enchants={minecraft:thorns=1}} x 1, ENCHANTED_BOOK & ENCHANTED_META:{meta-type=ENCHANTED, stored-enchants={minecraft:swift_sneak=3}} x 1, ENCHANTED_BOOK & ENCHANTED_META:{meta-type=ENCHANTED, stored-enchants={minecraft:sweeping_edge=1}} x 1, ENCHANTED_BOOK & ENCHANTED_META:{meta-type=ENCHANTED, stored-enchants={minecraft:impaling=3}} x 1, DUNE_ARMOR_TRIM_SMITHING_TEMPLATE x 4, ENCHANTED_BOOK & ENCHANTED_META:{meta-type=ENCHANTED, stored-enchants={minecraft:channeling=1}} x 1, POTION & POTION_META:{meta-type=POTION, potion-type=minecraft:strong_regeneration, custom-effects=[]} x 1]
Target        : KuaterCraft
[2024-06-06 05:42:13] [INFO]:
Spectator UUID: 0a54a0b8-d4f3-3014-927f-d68e8ccb3a33
Spectator Name: KuaterCraft
Taken         : []
Given         : [ENCHANTED_BOOK & ENCHANTED_META:{meta-type=ENCHANTED, stored-enchants={minecraft:thorns=1}} x 1, ENCHANTED_BOOK & ENCHANTED_META:{meta-type=ENCHANTED, stored-enchants={minecraft:swift_sneak=3}} x 1, ENCHANTED_BOOK & ENCHANTED_META:{meta-type=ENCHANTED, stored-enchants={minecraft:sweeping_edge=1}} x 1, ENCHANTED_BOOK & ENCHANTED_META:{meta-type=ENCHANTED, stored-enchants={minecraft:impaling=3}} x 1, DUNE_ARMOR_TRIM_SMITHING_TEMPLATE x 4, ENCHANTED_BOOK & ENCHANTED_META:{meta-type=ENCHANTED, stored-enchants={minecraft:channeling=1}} x 1, POTION & POTION_META:{meta-type=POTION, potion-type=minecraft:strong_regeneration, custom-effects=[]} x 1]
Target        : KuaterCraft
[2024-06-06 05:44:34] [INFO]:
Spectator UUID: 0a54a0b8-d4f3-3014-927f-d68e8ccb3a33
Spectator Name: KuaterCraft
Taken         : []
Given         : [ENCHANTED_BOOK & ENCHANTED_META:{meta-type=ENCHANTED, stored-enchants={minecraft:projectile_protection=4}} x 1, ENCHANTED_BOOK & ENCHANTED_META:{meta-type=ENCHANTED, stored-enchants={minecraft:mending=1}} x 1, ENCHANTED_BOOK & ENCHANTED_META:{meta-type=ENCHANTED, stored-enchants={minecraft:infinity=1}} x 1, ENCHANTED_BOOK & ENCHANTED_META:{meta-type=ENCHANTED, stored-enchants={minecraft:protection=3}} x 1, CANDLE x 2, ENCHANTED_GOLDEN_APPLE x 16, SCULK_SENSOR x 2, SCULK_CATALYST x 5, DIAMOND_LEGGINGS & ARMOR_META:{meta-type=ARMOR, enchants={minecraft:binding_curse=1, minecraft:protection=4}} x 1, GOLDEN_CARROT x 46, SUGAR_CANE x 47, TNT x 18, DISC_FRAGMENT_5 x 5, IRON_INGOT x 6, WARPED_FUNGUS_ON_A_STICK & UNSPECIFIC_META:{meta-type=UNSPECIFIC, Damage=9} x 1, DIAMOND_HORSE_ARMOR x 1, IRON_HORSE_ARMOR x 1, NETHER_WART x 29, PRISMARINE_CRYSTALS x 26, FISHING_ROD & UNSPECIFIC_META:{meta-type=UNSPECIFIC, enchants={minecraft:mending=1}} x 1, PRISMARINE_SHARD x 8, SADDLE x 1, MELON_SLICE x 30, SCULK x 5, MILK_BUCKET x 1, PRISMARINE_BRICKS x 14]
Target        : MOJANG867
[2024-06-06 06:43:23] [INFO]:
Spectator UUID: 0a54a0b8-d4f3-3014-927f-d68e8ccb3a33
Spectator Name: KuaterCraft
Taken         : [ENCHANTED_BOOK & ENCHANTED_META:{meta-type=ENCHANTED, stored-enchants={minecraft:channeling=1}} x 1, POTION & POTION_META:{meta-type=POTION, potion-type=minecraft:strong_regeneration, custom-effects=[]} x 1, DUNE_ARMOR_TRIM_SMITHING_TEMPLATE x 4, ENCHANTED_BOOK & ENCHANTED_META:{meta-type=ENCHANTED, stored-enchants={minecraft:impaling=3}} x 1, ENCHANTED_BOOK & ENCHANTED_META:{meta-type=ENCHANTED, stored-enchants={minecraft:sweeping_edge=1}} x 1, ANCIENT_DEBRIS x 71, DIAMOND_SWORD & UNSPECIFIC_META:{meta-type=UNSPECIFIC, enchants={minecraft:fire_aspect=2, minecraft:knockback=2, minecraft:mending=1, minecraft:sharpness=5, minecraft:sweeping_edge=3, minecraft:unbreaking=3}} x 1, DIAMOND x 76, BLAZE_ROD x 1, ENCHANTED_BOOK & ENCHANTED_META:{meta-type=ENCHANTED, stored-enchants={minecraft:thorns=1}} x 1, SADDLE x 3, ENCHANTED_BOOK & ENCHANTED_META:{meta-type=ENCHANTED, stored-enchants={minecraft:swift_sneak=3}} x 1, EMERALD x 2, DIAMOND_HORSE_ARMOR x 1, TNT x 9, ENDER_PEARL x 16, RIB_ARMOR_TRIM_SMITHING_TEMPLATE x 1, GOLDEN_APPLE x 18, GOLD_INGOT x 8, ENCHANTED_BOOK & ENCHANTED_META:{meta-type=ENCHANTED, stored-enchants={minecraft:looting=2}} x 1, GOLD_BLOCK x 17, FLINT_AND_STEEL & UNSPECIFIC_META:{meta-type=UNSPECIFIC, Damage=13} x 1]
Given         : []
Target        : KuaterCraft
[2024-06-06 06:43:54] [INFO]:
Spectator UUID: 0a54a0b8-d4f3-3014-927f-d68e8ccb3a33
Spectator Name: KuaterCraft
Taken         : []
Given         : [WARD_ARMOR_TRIM_SMITHING_TEMPLATE x 2, RIB_ARMOR_TRIM_SMITHING_TEMPLATE x 1, TNT x 9]
Target        : KuaterCraft
[2024-06-06 06:43:54] [INFO]:
Spectator UUID: 0a54a0b8-d4f3-3014-927f-d68e8ccb3a33
Spectator Name: KuaterCraft
Taken         : []
Given         : [WARD_ARMOR_TRIM_SMITHING_TEMPLATE x 2, RIB_ARMOR_TRIM_SMITHING_TEMPLATE x 1, TNT x 9]
Target        : KuaterCraft
[2024-06-06 06:44:30] [INFO]:
Spectator UUID: 0a54a0b8-d4f3-3014-927f-d68e8ccb3a33
Spectator Name: KuaterCraft
Taken         : []
Given         : [DIAMOND_SWORD & UNSPECIFIC_META:{meta-type=UNSPECIFIC, enchants={minecraft:fire_aspect=2, minecraft:knockback=2, minecraft:mending=1, minecraft:sharpness=5, minecraft:sweeping_edge=3, minecraft:unbreaking=3}} x 1]
Target        : KuaterCraft
[2024-06-06 06:44:46] [INFO]:
Spectator UUID: 0a54a0b8-d4f3-3014-927f-d68e8ccb3a33
Spectator Name: KuaterCraft
Taken         : []
Given         : [DUNE_ARMOR_TRIM_SMITHING_TEMPLATE x 4]
Target        : KuaterCraft
[2024-06-06 06:44:46] [INFO]:
Spectator UUID: 0a54a0b8-d4f3-3014-927f-d68e8ccb3a33
Spectator Name: KuaterCraft
Taken         : []
Given         : [DUNE_ARMOR_TRIM_SMITHING_TEMPLATE x 4]
Target        : KuaterCraft
[2024-06-06 06:45:40] [INFO]:
Spectator UUID: 0a54a0b8-d4f3-3014-927f-d68e8ccb3a33
Spectator Name: KuaterCraft
Taken         : [PRISMARINE_BRICKS x 14, NETHER_WART x 29, DIAMOND_LEGGINGS & ARMOR_META:{meta-type=ARMOR, enchants={minecraft:binding_curse=1, minecraft:protection=4}} x 1, SCULK_CATALYST x 5, IRON_HORSE_ARMOR x 1, DIAMOND_HORSE_ARMOR x 1, MILK_BUCKET x 1, SCULK_SENSOR x 2, ENCHANTED_GOLDEN_APPLE x 16, WARPED_FUNGUS_ON_A_STICK & UNSPECIFIC_META:{meta-type=UNSPECIFIC, Damage=9} x 1, SCULK x 5, MELON_SLICE x 30, IRON_INGOT x 6, CANDLE x 2, ENCHANTED_BOOK & ENCHANTED_META:{meta-type=ENCHANTED, stored-enchants={minecraft:protection=3}} x 1, TNT x 18, PRISMARINE_SHARD x 8, FISHING_ROD & UNSPECIFIC_META:{meta-type=UNSPECIFIC, enchants={minecraft:mending=1}} x 1, GOLDEN_CARROT x 46, ENCHANTED_BOOK & ENCHANTED_META:{meta-type=ENCHANTED, stored-enchants={minecraft:projectile_protection=4}} x 1, ENCHANTED_BOOK & ENCHANTED_META:{meta-type=ENCHANTED, stored-enchants={minecraft:mending=1}} x 1, ENCHANTED_BOOK & ENCHANTED_META:{meta-type=ENCHANTED, stored-enchants={minecraft:infinity=1}} x 1, SUGAR_CANE x 47, PRISMARINE_CRYSTALS x 26, SADDLE x 1, DISC_FRAGMENT_5 x 5]
Given         : []
Target        : MOJANG867
[2024-06-06 06:45:40] [INFO]:
Spectator UUID: 0a54a0b8-d4f3-3014-927f-d68e8ccb3a33
Spectator Name: KuaterCraft
Taken         : [PRISMARINE_BRICKS x 14, NETHER_WART x 29, DIAMOND_LEGGINGS & ARMOR_META:{meta-type=ARMOR, enchants={minecraft:binding_curse=1, minecraft:protection=4}} x 1, SCULK_CATALYST x 5, IRON_HORSE_ARMOR x 1, DIAMOND_HORSE_ARMOR x 1, MILK_BUCKET x 1, SCULK_SENSOR x 2, ENCHANTED_GOLDEN_APPLE x 16, WARPED_FUNGUS_ON_A_STICK & UNSPECIFIC_META:{meta-type=UNSPECIFIC, Damage=9} x 1, SCULK x 5, MELON_SLICE x 30, IRON_INGOT x 6, CANDLE x 2, ENCHANTED_BOOK & ENCHANTED_META:{meta-type=ENCHANTED, stored-enchants={minecraft:protection=3}} x 1, TNT x 18, PRISMARINE_SHARD x 8, FISHING_ROD & UNSPECIFIC_META:{meta-type=UNSPECIFIC, enchants={minecraft:mending=1}} x 1, GOLDEN_CARROT x 46, ENCHANTED_BOOK & ENCHANTED_META:{meta-type=ENCHANTED, stored-enchants={minecraft:projectile_protection=4}} x 1, ENCHANTED_BOOK & ENCHANTED_META:{meta-type=ENCHANTED, stored-enchants={minecraft:mending=1}} x 1, ENCHANTED_BOOK & ENCHANTED_META:{meta-type=ENCHANTED, stored-enchants={minecraft:infinity=1}} x 1, SUGAR_CANE x 47, PRISMARINE_CRYSTALS x 26, SADDLE x 1, DISC_FRAGMENT_5 x 5]
Given         : []
Target        : MOJANG867
[2024-06-06 06:45:40] [INFO]:
Spectator UUID: 0a54a0b8-d4f3-3014-927f-d68e8ccb3a33
Spectator Name: KuaterCraft
Taken         : [PRISMARINE_BRICKS x 14, NETHER_WART x 29, DIAMOND_LEGGINGS & ARMOR_META:{meta-type=ARMOR, enchants={minecraft:binding_curse=1, minecraft:protection=4}} x 1, SCULK_CATALYST x 5, IRON_HORSE_ARMOR x 1, DIAMOND_HORSE_ARMOR x 1, MILK_BUCKET x 1, SCULK_SENSOR x 2, ENCHANTED_GOLDEN_APPLE x 16, WARPED_FUNGUS_ON_A_STICK & UNSPECIFIC_META:{meta-type=UNSPECIFIC, Damage=9} x 1, SCULK x 5, MELON_SLICE x 30, IRON_INGOT x 6, CANDLE x 2, ENCHANTED_BOOK & ENCHANTED_META:{meta-type=ENCHANTED, stored-enchants={minecraft:protection=3}} x 1, TNT x 18, PRISMARINE_SHARD x 8, FISHING_ROD & UNSPECIFIC_META:{meta-type=UNSPECIFIC, enchants={minecraft:mending=1}} x 1, GOLDEN_CARROT x 46, ENCHANTED_BOOK & ENCHANTED_META:{meta-type=ENCHANTED, stored-enchants={minecraft:projectile_protection=4}} x 1, ENCHANTED_BOOK & ENCHANTED_META:{meta-type=ENCHANTED, stored-enchants={minecraft:mending=1}} x 1, ENCHANTED_BOOK & ENCHANTED_META:{meta-type=ENCHANTED, stored-enchants={minecraft:infinity=1}} x 1, SUGAR_CANE x 47, PRISMARINE_CRYSTALS x 26, SADDLE x 1, DISC_FRAGMENT_5 x 5]
Given         : []
Target        : MOJANG867
[2024-06-06 06:46:00] [INFO]:
Spectator UUID: 0a54a0b8-d4f3-3014-927f-d68e8ccb3a33
Spectator Name: KuaterCraft
Taken         : [TNT x 9]
Given         : []
Target        : KuaterCraft
[2024-06-06 06:46:00] [INFO]:
Spectator UUID: 0a54a0b8-d4f3-3014-927f-d68e8ccb3a33
Spectator Name: KuaterCraft
Taken         : [TNT x 9]
Given         : []
Target        : KuaterCraft
[2024-06-06 06:46:00] [INFO]:
Spectator UUID: 0a54a0b8-d4f3-3014-927f-d68e8ccb3a33
Spectator Name: KuaterCraft
Taken         : [TNT x 9]
Given         : []
Target        : KuaterCraft
[2024-06-06 06:46:00] [INFO]:
Spectator UUID: 0a54a0b8-d4f3-3014-927f-d68e8ccb3a33
Spectator Name: KuaterCraft
Taken         : [TNT x 9]
Given         : []
Target        : KuaterCraft
[2024-06-06 06:52:01] [INFO]:
Spectator UUID: 0a54a0b8-d4f3-3014-927f-d68e8ccb3a33
Spectator Name: KuaterCraft
Taken         : [DIAMOND_SWORD & UNSPECIFIC_META:{meta-type=UNSPECIFIC, enchants={minecraft:fire_aspect=2, minecraft:knockback=2, minecraft:mending=1, minecraft:sharpness=5, minecraft:sweeping_edge=3, minecraft:unbreaking=3}} x 1]
Given         : []
Target        : KuaterCraft
[2024-06-06 06:55:30] [INFO]:
Spectator UUID: 0a54a0b8-d4f3-3014-927f-d68e8ccb3a33
Spectator Name: KuaterCraft
Taken         : []
Given         : [NETHERITE_BOOTS & ARMOR_META:{meta-type=ARMOR, enchants={minecraft:depth_strider=3, minecraft:feather_falling=4, minecraft:mending=1, minecraft:protection=4, minecraft:soul_speed=3, minecraft:thorns=3, minecraft:unbreaking=3}, trim={material=minecraft:diamond, pattern=minecraft:ward}} x 1, NETHERITE_CHESTPLATE & ARMOR_META:{meta-type=ARMOR, enchants={minecraft:mending=1, minecraft:protection=4, minecraft:thorns=3, minecraft:unbreaking=3}, trim={material=minecraft:diamond, pattern=minecraft:ward}} x 1, NETHERITE_HELMET & ARMOR_META:{meta-type=ARMOR, enchants={minecraft:aqua_affinity=1, minecraft:mending=1, minecraft:protection=4, minecraft:respiration=3, minecraft:thorns=3, minecraft:unbreaking=3}, repair-cost=1, trim={material=minecraft:diamond, pattern=minecraft:ward}} x 1, NETHERITE_LEGGINGS & ARMOR_META:{meta-type=ARMOR, enchants={minecraft:mending=1, minecraft:protection=4, minecraft:thorns=3, minecraft:unbreaking=3}, trim={material=minecraft:diamond, pattern=minecraft:ward}} x 1, WARD_ARMOR_TRIM_SMITHING_TEMPLATE x 3]
Target        : KuaterCraft
[2024-06-07 14:19:30] [INFO]:
Spectator UUID: 0a54a0b8-d4f3-3014-927f-d68e8ccb3a33
Spectator Name: KuaterCraft
Taken         : [DIAMOND_HELMET & ARMOR_META:{meta-type=ARMOR, enchants={minecraft:aqua_affinity=1, minecraft:mending=1, minecraft:protection=4, minecraft:respiration=3, minecraft:thorns=3, minecraft:unbreaking=3}} x 1, DIAMOND_CHESTPLATE & ARMOR_META:{meta-type=ARMOR, enchants={minecraft:mending=1, minecraft:protection=4, minecraft:thorns=3, minecraft:unbreaking=3}} x 1, DIAMOND_LEGGINGS & ARMOR_META:{meta-type=ARMOR, enchants={minecraft:mending=1, minecraft:protection=4, minecraft:thorns=3, minecraft:unbreaking=3}} x 1, DIAMOND_BOOTS & ARMOR_META:{meta-type=ARMOR, enchants={minecraft:depth_strider=3, minecraft:feather_falling=1, minecraft:mending=1, minecraft:protection=4, minecraft:thorns=3, minecraft:unbreaking=3}} x 1, DIAMOND_SWORD & UNSPECIFIC_META:{meta-type=UNSPECIFIC, enchants={minecraft:fire_aspect=2, minecraft:mending=1, minecraft:sharpness=5, minecraft:sweeping_edge=3, minecraft:unbreaking=3}} x 1, DIAMOND_AXE & UNSPECIFIC_META:{meta-type=UNSPECIFIC, enchants={minecraft:efficiency=5, minecraft:fortune=3, minecraft:mending=1, minecraft:sharpness=5, minecraft:unbreaking=3}} x 1, DIAMOND_PICKAXE & UNSPECIFIC_META:{meta-type=UNSPECIFIC, enchants={minecraft:efficiency=5, minecraft:fortune=3, minecraft:mending=1, minecraft:unbreaking=3}} x 1]
Given         : []
Target        : satisback
[2024-06-07 14:19:59] [INFO]:
Spectator UUID: 0a54a0b8-d4f3-3014-927f-d68e8ccb3a33
Spectator Name: KuaterCraft
Taken         : []
Given         : [DIAMOND_HELMET & ARMOR_META:{meta-type=ARMOR, enchants={minecraft:aqua_affinity=1, minecraft:mending=1, minecraft:protection=4, minecraft:respiration=3, minecraft:thorns=3, minecraft:unbreaking=3}} x 1, DIAMOND_CHESTPLATE & ARMOR_META:{meta-type=ARMOR, enchants={minecraft:mending=1, minecraft:protection=4, minecraft:thorns=3, minecraft:unbreaking=3}} x 1, DIAMOND_LEGGINGS & ARMOR_META:{meta-type=ARMOR, enchants={minecraft:mending=1, minecraft:protection=4, minecraft:thorns=3, minecraft:unbreaking=3}} x 1, DIAMOND_BOOTS & ARMOR_META:{meta-type=ARMOR, enchants={minecraft:depth_strider=3, minecraft:feather_falling=1, minecraft:mending=1, minecraft:protection=4, minecraft:thorns=3, minecraft:unbreaking=3}} x 1, DIAMOND_SWORD & UNSPECIFIC_META:{meta-type=UNSPECIFIC, enchants={minecraft:fire_aspect=2, minecraft:mending=1, minecraft:sharpness=5, minecraft:sweeping_edge=3, minecraft:unbreaking=3}} x 1, DIAMOND_AXE & UNSPECIFIC_META:{meta-type=UNSPECIFIC, enchants={minecraft:efficiency=5, minecraft:fortune=3, minecraft:mending=1, minecraft:sharpness=5, minecraft:unbreaking=3}} x 1, DIAMOND_PICKAXE & UNSPECIFIC_META:{meta-type=UNSPECIFIC, enchants={minecraft:efficiency=5, minecraft:fortune=3, minecraft:mending=1, minecraft:unbreaking=3}} x 1]
Target        : satisback
[2024-06-07 14:19:59] [INFO]:
Spectator UUID: 0a54a0b8-d4f3-3014-927f-d68e8ccb3a33
Spectator Name: KuaterCraft
Taken         : []
Given         : [DIAMOND_HELMET & ARMOR_META:{meta-type=ARMOR, enchants={minecraft:aqua_affinity=1, minecraft:mending=1, minecraft:protection=4, minecraft:respiration=3, minecraft:thorns=3, minecraft:unbreaking=3}} x 1, DIAMOND_CHESTPLATE & ARMOR_META:{meta-type=ARMOR, enchants={minecraft:mending=1, minecraft:protection=4, minecraft:thorns=3, minecraft:unbreaking=3}} x 1, DIAMOND_LEGGINGS & ARMOR_META:{meta-type=ARMOR, enchants={minecraft:mending=1, minecraft:protection=4, minecraft:thorns=3, minecraft:unbreaking=3}} x 1, DIAMOND_BOOTS & ARMOR_META:{meta-type=ARMOR, enchants={minecraft:depth_strider=3, minecraft:feather_falling=1, minecraft:mending=1, minecraft:protection=4, minecraft:thorns=3, minecraft:unbreaking=3}} x 1, DIAMOND_SWORD & UNSPECIFIC_META:{meta-type=UNSPECIFIC, enchants={minecraft:fire_aspect=2, minecraft:mending=1, minecraft:sharpness=5, minecraft:sweeping_edge=3, minecraft:unbreaking=3}} x 1, DIAMOND_AXE & UNSPECIFIC_META:{meta-type=UNSPECIFIC, enchants={minecraft:efficiency=5, minecraft:fortune=3, minecraft:mending=1, minecraft:sharpness=5, minecraft:unbreaking=3}} x 1, DIAMOND_PICKAXE & UNSPECIFIC_META:{meta-type=UNSPECIFIC, enchants={minecraft:efficiency=5, minecraft:fortune=3, minecraft:mending=1, minecraft:unbreaking=3}} x 1]
Target        : satisback
[2024-06-09 12:06:40] [INFO]:
Spectator UUID: 00000000-0000-0000-0009-01fb1097e6f4
Spectator Name: MOJANG867
Taken         : [EXPERIENCE_BOTTLE x 49]
Given         : []
Target        : GamerBoiManik
