[2024/05/31 14:05:36]: §9          __             _       
[2024/05/31 14:05:36]: §9  _ __   / /  ___   __ _(_)_ __  
[2024/05/31 14:05:36]: §9 | '_ \ / /  / _ \ / _` | | '_ \ 
[2024/05/31 14:05:36]: §9 | | | / /__| (_) | (_| | | | | |
[2024/05/31 14:05:36]: §9 |_| |_\____/\___/ \__, |_|_| |_|
[2024/05/31 14:05:36]: §9                  |___/            
[2024/05/31 14:05:36]: §9 By: www.nickuc.com - V 10.3.23
[2024/05/31 14:05:36]: §9 
[2024/05/31 14:05:37]: §3[nLogin] [DEBUG] All settings were loaded in 144 ms.
[2024/05/31 14:05:37]: §3[nLogin] [DEBUG] Loading the messages_en.yml message file...
[2024/05/31 14:05:37]: §3[nLogin] [DEBUG] All plugin messages were loaded in 99 ms (languageByClient=false).
[2024/05/31 14:05:37]: §3[nLogin] [DEBUG] All proxy settings were loaded in 1 ms.
[2024/05/31 14:05:37]: §3[nLogin] [DEBUG] Loading database...
[2024/05/31 14:05:37]: §3[nLogin] [DEBUG] Starting logger filter...
[2024/05/31 14:05:37]: [nLogin] Downloading ProtocolLib...
[2024/05/31 14:05:38]: [nLogin] *-----------------------------------------------*
[2024/05/31 14:05:38]: [nLogin]   ProtocolLib has been successfully downloaded.
[2024/05/31 14:05:38]: [nLogin]   Restarting server to apply changes...
[2024/05/31 14:05:38]: [nLogin] *-----------------------------------------------*
[2024/05/31 14:05:45]: [nLogin] Successful plugin core shutdown (took 0.00s)
